Tester.obj : error LNK2019: unresolved external symbol "class cv::debug_build_guard::_InputOutputArray const & __cdecl cv::noArray(void)" (?noArray@cv@@YAAEBV_InputOutputArray@debug_build_guard@1@XZ) referenced in function main
Tester.obj : error LNK2019: unresolved external symbol "void __cdecl cv::imshow(class cv::String const &,class cv::debug_build_guard::_InputArray const &)" (?imshow@cv@@YAXAEBVString@1@AEBV_InputArray@debug_build_guard@1@@Z) referenced in function main
Tester.obj : error LNK2019: unresolved external symbol "void __cdecl cv::drawKeypoints(class cv::debug_build_guard::_InputArray const &,class std::vector<class cv::KeyPoint,class std::allocator<class cv::KeyPoint> > const &,class cv::debug_build_guard::_InputOutputArray const &,class cv::Scalar_<double> const &,int)" (?drawKeypoints@cv@@YAXAEBV_InputArray@debug_build_guard@1@AEBV?$vector@VKeyPoint@cv@@V?$allocator@VKeyPoint@cv@@@std@@@std@@AEBV_InputOutputArray@31@AEBV?$Scalar_@N@1@H@Z) referenced in function main
G:\Tin\ComputerVision\Test\Tester\x64\Debug\Tester.exe : fatal error LNK1120: 3 unresolved externals
